<?xml version="1.0" encoding="UTF-8"?>
<testng-results ignored="0" total="1" passed="1" failed="0" skipped="0">
  <reporter-output>
  </reporter-output>
  <suite started-at="2023-02-21T13:45:44 CET" name="Default suite" finished-at="2023-02-21T13:45:46 CET" duration-ms="1751">
    <groups>
    </groups>
    <test started-at="2023-02-21T13:45:44 CET" name="Default test" finished-at="2023-02-21T13:45:46 CET" duration-ms="1751">
      <class name="trellotest.getBoard">
        <test-method signature="test5()[pri:0, instance:trellotest.getBoard@3f6b0be5]" started-at="2023-02-21T13:45:44 CET" name="test5" finished-at="2023-02-21T13:45:46 CET" duration-ms="1679" status="PASS">
          <reporter-output>
          </reporter-output>
        </test-method> <!-- test5 -->
      </class> <!-- trellotest.getBoard -->
    </test> <!-- Default test -->
  </suite> <!-- Default suite -->
</testng-results>
